{
  "RSpec": {
    "coverage": {
      "/Users/luaysuarna/Workspaces/RubyOnRails/quiz-master/app/controllers/questions_controller.rb": [
        1,
        1,
        null,
        null,
        null,
        1,
        5,
        null,
        null,
        null,
        null,
        1,
        7,
        null,
        7,
        7,
        7,
        4,
        null,
        3,
        null,
        null,
        null,
        null,
        null,
        null,
        null,
        1,
        7,
        7,
        7,
        4,
        null,
        3,
        null,
        null,
        null,
        null,
        null,
        null,
        null,
        1,
        3,
        null,
        3,
        6,
        null,
        null,
        null,
        1,
        null,
        null,
        1,
        10,
        null,
        null,
        null,
        1,
        14,
        null,
        null
      ],
      "/Users/luaysuarna/Workspaces/RubyOnRails/quiz-master/app/controllers/application_controller.rb": [
        1,
        null,
        null,
        1,
        null,
        1,
        null,
        1,
        22,
        22,
        null,
        22,
        null,
        null,
        1,
        13,
        13,
        null,
        13,
        null,
        null
      ],
      "/Users/luaysuarna/Workspaces/RubyOnRails/quiz-master/app/controllers/quizzes_controller.rb": [
        1,
        null,
        1,
        null,
        null,
        null,
        1,
        null,
        null,
        null,
        null,
        1,
        18,
        null,
        18,
        18,
        null,
        18,
        15,
        8,
        null,
        7,
        null,
        null,
        3,
        null,
        null,
        null,
        null,
        null,
        1,
        null,
        null,
        1,
        6,
        null,
        null,
        null,
        1,
        18,
        null,
        null
      ],
      "/Users/luaysuarna/Workspaces/RubyOnRails/quiz-master/app/models/question.rb": [
        1,
        null,
        null,
        1,
        null,
        null,
        1,
        10,
        null,
        null,
        null,
        1,
        null,
        null,
        1,
        12,
        null,
        null,
        null,
        1,
        7,
        7,
        null,
        null,
        null,
        null
      ],
      "/Users/luaysuarna/Workspaces/RubyOnRails/quiz-master/app/models/quiz.rb": [
        1,
        null,
        null,
        1,
        null,
        null,
        1,
        1,
        null,
        null,
        null,
        null,
        1,
        22,
        null,
        null,
        null,
        null,
        null,
        1,
        19,
        null,
        null,
        null,
        null,
        null,
        1,
        59,
        null,
        null,
        null
      ]
    },
    "timestamp": 1477359071
  }
}
